[2025-05-13T18:57:23.933+0000] {local_task_job_runner.py:123} INFO - ::group::Pre task execution logs
[2025-05-13T18:57:23.996+0000] {taskinstance.py:2614} INFO - Dependencies all met for dep_context=non-requeueable deps ti=<TaskInstance: capstone_projct.dbt_run_raw_stage manual__2025-05-13T18:56:37.338069+00:00 [queued]>
[2025-05-13T18:57:24.029+0000] {taskinstance.py:2614} INFO - Dependencies all met for dep_context=requeueable deps ti=<TaskInstance: capstone_projct.dbt_run_raw_stage manual__2025-05-13T18:56:37.338069+00:00 [queued]>
[2025-05-13T18:57:24.047+0000] {taskinstance.py:2867} INFO - Starting attempt 1 of 3
[2025-05-13T18:57:24.119+0000] {taskinstance.py:2890} INFO - Executing <Task(BashOperator): dbt_run_raw_stage> on 2025-05-13 18:56:37.338069+00:00
[2025-05-13T18:57:24.133+0000] {standard_task_runner.py:72} INFO - Started process 354 to run task
[2025-05-13T18:57:24.138+0000] {standard_task_runner.py:104} INFO - Running: ['airflow', 'tasks', 'run', 'capstone_projct', 'dbt_run_raw_stage', 'manual__2025-05-13T18:56:37.338069+00:00', '--job-id', '54', '--raw', '--subdir', 'DAGS_FOLDER/welcome_dag.py', '--cfg-path', '/tmp/tmp5wi_mrr_']
[2025-05-13T18:57:24.142+0000] {standard_task_runner.py:105} INFO - Job 54: Subtask dbt_run_raw_stage
[2025-05-13T18:57:24.329+0000] {task_command.py:467} INFO - Running <TaskInstance: capstone_projct.dbt_run_raw_stage manual__2025-05-13T18:56:37.338069+00:00 [running]> on host 0fd2687fe5b0
[2025-05-13T18:57:24.709+0000] {taskinstance.py:3134} INFO - Exporting env vars: AIRFLOW_CTX_DAG_OWNER='airflow' AIRFLOW_CTX_DAG_ID='capstone_projct' AIRFLOW_CTX_TASK_ID='dbt_run_raw_stage' AIRFLOW_CTX_EXECUTION_DATE='2025-05-13T18:56:37.338069+00:00' AIRFLOW_CTX_TRY_NUMBER='1' AIRFLOW_CTX_DAG_RUN_ID='manual__2025-05-13T18:56:37.338069+00:00'
[2025-05-13T18:57:24.713+0000] {taskinstance.py:732} INFO - ::endgroup::
[2025-05-13T18:57:24.774+0000] {subprocess.py:78} INFO - Tmp dir root location: /tmp
[2025-05-13T18:57:24.777+0000] {subprocess.py:88} INFO - Running command: ['/usr/bin/bash', '-c', 'cd /usr/local/airflow/dags/dbt_pipeline/ && dbt run -s raw']
[2025-05-13T18:57:24.817+0000] {subprocess.py:99} INFO - Output:
[2025-05-13T18:57:31.858+0000] {subprocess.py:106} INFO - [0m18:57:31  Running with dbt=1.9.4
[2025-05-13T18:57:32.468+0000] {subprocess.py:106} INFO - [0m18:57:32  Registered adapter: postgres=1.9.0
[2025-05-13T18:57:33.371+0000] {subprocess.py:106} INFO - [0m18:57:33  [[33mWARNING[0m]: Configuration paths exist in your dbt_project.yml file which do not apply to any resources.
[2025-05-13T18:57:33.372+0000] {subprocess.py:106} INFO - There are 1 unused configuration paths:
[2025-05-13T18:57:33.373+0000] {subprocess.py:106} INFO - - models.capstone.marts
[2025-05-13T18:57:33.664+0000] {subprocess.py:106} INFO - [0m18:57:33  Found 10 models, 5 sources, 434 macros
[2025-05-13T18:57:33.676+0000] {subprocess.py:106} INFO - [0m18:57:33
[2025-05-13T18:57:33.680+0000] {subprocess.py:106} INFO - [0m18:57:33  Concurrency: 2 threads (target='dev')
[2025-05-13T18:57:33.682+0000] {subprocess.py:106} INFO - [0m18:57:33
[2025-05-13T18:57:34.449+0000] {subprocess.py:106} INFO - [0m18:57:34  1 of 5 START sql table model raw.raw_accounts .................................. [RUN]
[2025-05-13T18:57:34.451+0000] {subprocess.py:106} INFO - [0m18:57:34  2 of 5 START sql table model raw.raw_cards ..................................... [RUN]
[2025-05-13T18:57:35.348+0000] {subprocess.py:106} INFO - [0m18:57:35  2 of 5 OK created sql table model raw.raw_cards ................................ [[32mSELECT 94[0m in 0.88s]
[2025-05-13T18:57:35.352+0000] {subprocess.py:106} INFO - [0m18:57:35  1 of 5 OK created sql table model raw.raw_accounts ............................. [[32mSELECT 4048[0m in 0.88s]
[2025-05-13T18:57:35.365+0000] {subprocess.py:106} INFO - [0m18:57:35  3 of 5 START sql table model raw.raw_customers ................................. [RUN]
[2025-05-13T18:57:35.368+0000] {subprocess.py:106} INFO - [0m18:57:35  4 of 5 START sql table model raw.raw_products .................................. [RUN]
[2025-05-13T18:57:35.955+0000] {subprocess.py:106} INFO - [0m18:57:35  4 of 5 OK created sql table model raw.raw_products ............................. [[32mSELECT 12[0m in 0.57s]
[2025-05-13T18:57:35.984+0000] {subprocess.py:106} INFO - [0m18:57:35  5 of 5 START sql table model raw.raw_transactions .............................. [RUN]
[2025-05-13T18:57:36.032+0000] {subprocess.py:106} INFO - [0m18:57:36  3 of 5 OK created sql table model raw.raw_customers ............................ [[32mSELECT 105[0m in 0.66s]
[2025-05-13T18:57:36.423+0000] {subprocess.py:106} INFO - [0m18:57:36  5 of 5 OK created sql table model raw.raw_transactions ......................... [[32mSELECT 13768[0m in 0.43s]
[2025-05-13T18:57:36.570+0000] {subprocess.py:106} INFO - [0m18:57:36
[2025-05-13T18:57:36.574+0000] {subprocess.py:106} INFO - [0m18:57:36  Finished running 5 table models in 0 hours 0 minutes and 2.89 seconds (2.89s).
[2025-05-13T18:57:36.703+0000] {subprocess.py:106} INFO - [0m18:57:36
[2025-05-13T18:57:36.706+0000] {subprocess.py:106} INFO - [0m18:57:36  [32mCompleted successfully[0m
[2025-05-13T18:57:36.708+0000] {subprocess.py:106} INFO - [0m18:57:36
[2025-05-13T18:57:36.710+0000] {subprocess.py:106} INFO - [0m18:57:36  Done. PASS=5 WARN=0 ERROR=0 SKIP=0 TOTAL=5
[2025-05-13T18:57:39.171+0000] {subprocess.py:110} INFO - Command exited with return code 0
[2025-05-13T18:57:39.251+0000] {taskinstance.py:341} INFO - ::group::Post task execution logs
[2025-05-13T18:57:39.253+0000] {taskinstance.py:353} INFO - Marking task as SUCCESS. dag_id=capstone_projct, task_id=dbt_run_raw_stage, run_id=manual__2025-05-13T18:56:37.338069+00:00, execution_date=20250513T185637, start_date=20250513T185723, end_date=20250513T185739
[2025-05-13T18:57:39.499+0000] {local_task_job_runner.py:266} INFO - Task exited with return code 0
[2025-05-13T18:57:39.575+0000] {taskinstance.py:3901} INFO - 1 downstream tasks scheduled from follow-on schedule check
[2025-05-13T18:57:39.593+0000] {local_task_job_runner.py:245} INFO - ::endgroup::
