[2025-05-13T14:46:20.504+0000] {local_task_job_runner.py:123} INFO - ::group::Pre task execution logs
[2025-05-13T14:46:20.542+0000] {taskinstance.py:2614} INFO - Dependencies all met for dep_context=non-requeueable deps ti=<TaskInstance: capstone_projct.dbt_run_raw_stage manual__2025-05-13T14:45:54.480657+00:00 [queued]>
[2025-05-13T14:46:20.565+0000] {taskinstance.py:2614} INFO - Dependencies all met for dep_context=requeueable deps ti=<TaskInstance: capstone_projct.dbt_run_raw_stage manual__2025-05-13T14:45:54.480657+00:00 [queued]>
[2025-05-13T14:46:20.583+0000] {taskinstance.py:2867} INFO - Starting attempt 1 of 3
[2025-05-13T14:46:20.631+0000] {taskinstance.py:2890} INFO - Executing <Task(BashOperator): dbt_run_raw_stage> on 2025-05-13 14:45:54.480657+00:00
[2025-05-13T14:46:20.644+0000] {standard_task_runner.py:72} INFO - Started process 657 to run task
[2025-05-13T14:46:20.650+0000] {standard_task_runner.py:104} INFO - Running: ['airflow', 'tasks', 'run', 'capstone_projct', 'dbt_run_raw_stage', 'manual__2025-05-13T14:45:54.480657+00:00', '--job-id', '42', '--raw', '--subdir', 'DAGS_FOLDER/welcome_dag.py', '--cfg-path', '/tmp/tmpwc2kg8zw']
[2025-05-13T14:46:20.653+0000] {standard_task_runner.py:105} INFO - Job 42: Subtask dbt_run_raw_stage
[2025-05-13T14:46:20.759+0000] {task_command.py:467} INFO - Running <TaskInstance: capstone_projct.dbt_run_raw_stage manual__2025-05-13T14:45:54.480657+00:00 [running]> on host 0fd2687fe5b0
[2025-05-13T14:46:20.916+0000] {taskinstance.py:3134} INFO - Exporting env vars: AIRFLOW_CTX_DAG_OWNER='airflow' AIRFLOW_CTX_DAG_ID='capstone_projct' AIRFLOW_CTX_TASK_ID='dbt_run_raw_stage' AIRFLOW_CTX_EXECUTION_DATE='2025-05-13T14:45:54.480657+00:00' AIRFLOW_CTX_TRY_NUMBER='1' AIRFLOW_CTX_DAG_RUN_ID='manual__2025-05-13T14:45:54.480657+00:00'
[2025-05-13T14:46:20.919+0000] {taskinstance.py:732} INFO - ::endgroup::
[2025-05-13T14:46:20.936+0000] {subprocess.py:78} INFO - Tmp dir root location: /tmp
[2025-05-13T14:46:20.938+0000] {subprocess.py:88} INFO - Running command: ['/usr/bin/bash', '-c', 'cd /usr/local/airflow/dags/dbt_pipeline && dbt run -s raw']
[2025-05-13T14:46:20.957+0000] {subprocess.py:99} INFO - Output:
[2025-05-13T14:46:26.003+0000] {subprocess.py:106} INFO - [0m14:46:26  Running with dbt=1.9.4
[2025-05-13T14:46:26.482+0000] {subprocess.py:106} INFO - [0m14:46:26  Registered adapter: postgres=1.9.0
[2025-05-13T14:46:27.497+0000] {subprocess.py:106} INFO - [0m14:46:27  Encountered an error:
[2025-05-13T14:46:27.498+0000] {subprocess.py:106} INFO - 'dbt_postgres://macros/timestamps.sql'
[2025-05-13T14:46:27.499+0000] {subprocess.py:106} INFO - [0m14:46:27  Traceback (most recent call last):
[2025-05-13T14:46:27.500+0000] {subprocess.py:106} INFO -   File "/home/airflow/.local/lib/python3.12/site-packages/dbt/cli/requires.py", line 153, in wrapper
[2025-05-13T14:46:27.501+0000] {subprocess.py:106} INFO -     result, success = func(*args, **kwargs)
[2025-05-13T14:46:27.502+0000] {subprocess.py:106} INFO -                       ^^^^^^^^^^^^^^^^^^^^^
[2025-05-13T14:46:27.502+0000] {subprocess.py:106} INFO -   File "/home/airflow/.local/lib/python3.12/site-packages/dbt/cli/requires.py", line 103, in wrapper
[2025-05-13T14:46:27.503+0000] {subprocess.py:106} INFO -     return func(*args, **kwargs)
[2025-05-13T14:46:27.504+0000] {subprocess.py:106} INFO -            ^^^^^^^^^^^^^^^^^^^^^
[2025-05-13T14:46:27.505+0000] {subprocess.py:106} INFO -   File "/home/airflow/.local/lib/python3.12/site-packages/dbt/cli/requires.py", line 235, in wrapper
[2025-05-13T14:46:27.505+0000] {subprocess.py:106} INFO -     return func(*args, **kwargs)
[2025-05-13T14:46:27.506+0000] {subprocess.py:106} INFO -            ^^^^^^^^^^^^^^^^^^^^^
[2025-05-13T14:46:27.507+0000] {subprocess.py:106} INFO -   File "/home/airflow/.local/lib/python3.12/site-packages/dbt/cli/requires.py", line 264, in wrapper
[2025-05-13T14:46:27.507+0000] {subprocess.py:106} INFO -     return func(*args, **kwargs)
[2025-05-13T14:46:27.508+0000] {subprocess.py:106} INFO -            ^^^^^^^^^^^^^^^^^^^^^
[2025-05-13T14:46:27.509+0000] {subprocess.py:106} INFO -   File "/home/airflow/.local/lib/python3.12/site-packages/dbt/cli/requires.py", line 311, in wrapper
[2025-05-13T14:46:27.510+0000] {subprocess.py:106} INFO -     return func(*args, **kwargs)
[2025-05-13T14:46:27.511+0000] {subprocess.py:106} INFO -            ^^^^^^^^^^^^^^^^^^^^^
[2025-05-13T14:46:27.511+0000] {subprocess.py:106} INFO -   File "/home/airflow/.local/lib/python3.12/site-packages/dbt/cli/requires.py", line 327, in wrapper
[2025-05-13T14:46:27.512+0000] {subprocess.py:106} INFO -     setup_manifest(ctx, write=write, write_perf_info=write_perf_info)
[2025-05-13T14:46:27.513+0000] {subprocess.py:106} INFO -   File "/home/airflow/.local/lib/python3.12/site-packages/dbt/cli/requires.py", line 351, in setup_manifest
[2025-05-13T14:46:27.513+0000] {subprocess.py:106} INFO -     ctx.obj["manifest"] = parse_manifest(
[2025-05-13T14:46:27.514+0000] {subprocess.py:106} INFO -                           ^^^^^^^^^^^^^^^
[2025-05-13T14:46:27.514+0000] {subprocess.py:106} INFO -   File "/home/airflow/.local/lib/python3.12/site-packages/dbt/parser/manifest.py", line 2069, in parse_manifest
[2025-05-13T14:46:27.515+0000] {subprocess.py:106} INFO -     manifest = ManifestLoader.get_full_manifest(
[2025-05-13T14:46:27.515+0000] {subprocess.py:106} INFO -                ^^^^^^^^^^^^^^^^^^^^^^^^^^^^^^^^^
[2025-05-13T14:46:27.516+0000] {subprocess.py:106} INFO -   File "/home/airflow/.local/lib/python3.12/site-packages/dbt/parser/manifest.py", line 312, in get_full_manifest
[2025-05-13T14:46:27.517+0000] {subprocess.py:106} INFO -     manifest = loader.load()
[2025-05-13T14:46:27.517+0000] {subprocess.py:106} INFO -                ^^^^^^^^^^^^^
[2025-05-13T14:46:27.518+0000] {subprocess.py:106} INFO -   File "/home/airflow/.local/lib/python3.12/site-packages/dbt/parser/manifest.py", line 381, in load
[2025-05-13T14:46:27.519+0000] {subprocess.py:106} INFO -     self.load_and_parse_macros(project_parser_files)
[2025-05-13T14:46:27.520+0000] {subprocess.py:106} INFO -   File "/home/airflow/.local/lib/python3.12/site-packages/dbt/parser/manifest.py", line 683, in load_and_parse_macros
[2025-05-13T14:46:27.521+0000] {subprocess.py:106} INFO -     block = FileBlock(self.manifest.files[file_id])
[2025-05-13T14:46:27.522+0000] {subprocess.py:106} INFO -                       ~~~~~~~~~~~~~~~~~~~^^^^^^^^^
[2025-05-13T14:46:27.522+0000] {subprocess.py:106} INFO - KeyError: 'dbt_postgres://macros/timestamps.sql'
[2025-05-13T14:46:27.523+0000] {subprocess.py:106} INFO - 
[2025-05-13T14:46:29.513+0000] {subprocess.py:110} INFO - Command exited with return code 2
[2025-05-13T14:46:29.549+0000] {taskinstance.py:3313} ERROR - Task failed with exception
Traceback (most recent call last):
  File "/home/airflow/.local/lib/python3.12/site-packages/airflow/models/taskinstance.py", line 768, in _execute_task
    result = _execute_callable(context=context, **execute_callable_kwargs)
             ^^^^^^^^^^^^^^^^^^^^^^^^^^^^^^^^^^^^^^^^^^^^^^^^^^^^^^^^^^^^^
  File "/home/airflow/.local/lib/python3.12/site-packages/airflow/models/taskinstance.py", line 734, in _execute_callable
    return ExecutionCallableRunner(
           ^^^^^^^^^^^^^^^^^^^^^^^^
  File "/home/airflow/.local/lib/python3.12/site-packages/airflow/utils/operator_helpers.py", line 252, in run
    return self.func(*args, **kwargs)
           ^^^^^^^^^^^^^^^^^^^^^^^^^^
  File "/home/airflow/.local/lib/python3.12/site-packages/airflow/models/baseoperator.py", line 424, in wrapper
    return func(self, *args, **kwargs)
           ^^^^^^^^^^^^^^^^^^^^^^^^^^^
  File "/home/airflow/.local/lib/python3.12/site-packages/airflow/operators/bash.py", line 276, in execute
    raise AirflowException(
airflow.exceptions.AirflowException: Bash command failed. The command returned a non-zero exit code 2.
[2025-05-13T14:46:29.575+0000] {taskinstance.py:1226} INFO - Marking task as UP_FOR_RETRY. dag_id=capstone_projct, task_id=dbt_run_raw_stage, run_id=manual__2025-05-13T14:45:54.480657+00:00, execution_date=20250513T144554, start_date=20250513T144620, end_date=20250513T144629
[2025-05-13T14:46:29.693+0000] {taskinstance.py:341} INFO - ::group::Post task execution logs
[2025-05-13T14:46:29.694+0000] {standard_task_runner.py:124} ERROR - Failed to execute job 42 for task dbt_run_raw_stage (Bash command failed. The command returned a non-zero exit code 2.; 657)
Traceback (most recent call last):
  File "/home/airflow/.local/lib/python3.12/site-packages/airflow/task/task_runner/standard_task_runner.py", line 117, in _start_by_fork
    ret = args.func(args, dag=self.dag)
          ^^^^^^^^^^^^^^^^^^^^^^^^^^^^^
  File "/home/airflow/.local/lib/python3.12/site-packages/airflow/cli/cli_config.py", line 49, in command
    return func(*args, **kwargs)
           ^^^^^^^^^^^^^^^^^^^^^
  File "/home/airflow/.local/lib/python3.12/site-packages/airflow/utils/cli.py", line 116, in wrapper
    return f(*args, **kwargs)
           ^^^^^^^^^^^^^^^^^^
  File "/home/airflow/.local/lib/python3.12/site-packages/airflow/cli/commands/task_command.py", line 483, in task_run
    task_return_code = _run_task_by_selected_method(args, _dag, ti)
                       ^^^^^^^^^^^^^^^^^^^^^^^^^^^^^^^^^^^^^^^^^^^^
  File "/home/airflow/.local/lib/python3.12/site-packages/airflow/cli/commands/task_command.py", line 256, in _run_task_by_selected_method
    return _run_raw_task(args, ti)
           ^^^^^^^^^^^^^^^^^^^^^^^
  File "/home/airflow/.local/lib/python3.12/site-packages/airflow/cli/commands/task_command.py", line 341, in _run_raw_task
    return ti._run_raw_task(
           ^^^^^^^^^^^^^^^^^
  File "/home/airflow/.local/lib/python3.12/site-packages/airflow/utils/session.py", line 97, in wrapper
    return func(*args, session=session, **kwargs)
           ^^^^^^^^^^^^^^^^^^^^^^^^^^^^^^^^^^^^^^
  File "/home/airflow/.local/lib/python3.12/site-packages/airflow/models/taskinstance.py", line 3006, in _run_raw_task
    return _run_raw_task(
           ^^^^^^^^^^^^^^
  File "/home/airflow/.local/lib/python3.12/site-packages/airflow/models/taskinstance.py", line 274, in _run_raw_task
    TaskInstance._execute_task_with_callbacks(
  File "/home/airflow/.local/lib/python3.12/site-packages/airflow/models/taskinstance.py", line 3161, in _execute_task_with_callbacks
    result = self._execute_task(context, task_orig)
             ^^^^^^^^^^^^^^^^^^^^^^^^^^^^^^^^^^^^^^
  File "/home/airflow/.local/lib/python3.12/site-packages/airflow/models/taskinstance.py", line 3185, in _execute_task
    return _execute_task(self, context, task_orig)
           ^^^^^^^^^^^^^^^^^^^^^^^^^^^^^^^^^^^^^^^
  File "/home/airflow/.local/lib/python3.12/site-packages/airflow/models/taskinstance.py", line 768, in _execute_task
    result = _execute_callable(context=context, **execute_callable_kwargs)
             ^^^^^^^^^^^^^^^^^^^^^^^^^^^^^^^^^^^^^^^^^^^^^^^^^^^^^^^^^^^^^
  File "/home/airflow/.local/lib/python3.12/site-packages/airflow/models/taskinstance.py", line 734, in _execute_callable
    return ExecutionCallableRunner(
           ^^^^^^^^^^^^^^^^^^^^^^^^
  File "/home/airflow/.local/lib/python3.12/site-packages/airflow/utils/operator_helpers.py", line 252, in run
    return self.func(*args, **kwargs)
           ^^^^^^^^^^^^^^^^^^^^^^^^^^
  File "/home/airflow/.local/lib/python3.12/site-packages/airflow/models/baseoperator.py", line 424, in wrapper
    return func(self, *args, **kwargs)
           ^^^^^^^^^^^^^^^^^^^^^^^^^^^
  File "/home/airflow/.local/lib/python3.12/site-packages/airflow/operators/bash.py", line 276, in execute
    raise AirflowException(
airflow.exceptions.AirflowException: Bash command failed. The command returned a non-zero exit code 2.
[2025-05-13T14:46:29.732+0000] {local_task_job_runner.py:266} INFO - Task exited with return code 1
[2025-05-13T14:46:29.765+0000] {taskinstance.py:3901} INFO - 0 downstream tasks scheduled from follow-on schedule check
[2025-05-13T14:46:29.767+0000] {local_task_job_runner.py:245} INFO - ::endgroup::
