[2025-05-13T12:53:53.487+0000] {local_task_job_runner.py:123} INFO - ::group::Pre task execution logs
[2025-05-13T12:53:53.523+0000] {taskinstance.py:2614} INFO - Dependencies all met for dep_context=non-requeueable deps ti=<TaskInstance: capstone_projct.dbt_run_raw_stage manual__2025-05-13T12:53:22.421811+00:00 [queued]>
[2025-05-13T12:53:53.545+0000] {taskinstance.py:2614} INFO - Dependencies all met for dep_context=requeueable deps ti=<TaskInstance: capstone_projct.dbt_run_raw_stage manual__2025-05-13T12:53:22.421811+00:00 [queued]>
[2025-05-13T12:53:53.546+0000] {taskinstance.py:2867} INFO - Starting attempt 1 of 3
[2025-05-13T12:53:53.592+0000] {taskinstance.py:2890} INFO - Executing <Task(BashOperator): dbt_run_raw_stage> on 2025-05-13 12:53:22.421811+00:00
[2025-05-13T12:53:53.600+0000] {standard_task_runner.py:72} INFO - Started process 492 to run task
[2025-05-13T12:53:53.603+0000] {standard_task_runner.py:104} INFO - Running: ['airflow', 'tasks', 'run', 'capstone_projct', 'dbt_run_raw_stage', 'manual__2025-05-13T12:53:22.421811+00:00', '--job-id', '32', '--raw', '--subdir', 'DAGS_FOLDER/welcome_dag.py', '--cfg-path', '/tmp/tmp_a5hnqz1']
[2025-05-13T12:53:53.606+0000] {standard_task_runner.py:105} INFO - Job 32: Subtask dbt_run_raw_stage
[2025-05-13T12:53:53.711+0000] {task_command.py:467} INFO - Running <TaskInstance: capstone_projct.dbt_run_raw_stage manual__2025-05-13T12:53:22.421811+00:00 [running]> on host 0fd2687fe5b0
[2025-05-13T12:53:53.930+0000] {taskinstance.py:3134} INFO - Exporting env vars: AIRFLOW_CTX_DAG_OWNER='airflow' AIRFLOW_CTX_DAG_ID='capstone_projct' AIRFLOW_CTX_TASK_ID='dbt_run_raw_stage' AIRFLOW_CTX_EXECUTION_DATE='2025-05-13T12:53:22.421811+00:00' AIRFLOW_CTX_TRY_NUMBER='1' AIRFLOW_CTX_DAG_RUN_ID='manual__2025-05-13T12:53:22.421811+00:00'
[2025-05-13T12:53:53.932+0000] {taskinstance.py:732} INFO - ::endgroup::
[2025-05-13T12:53:53.975+0000] {subprocess.py:78} INFO - Tmp dir root location: /tmp
[2025-05-13T12:53:53.978+0000] {subprocess.py:88} INFO - Running command: ['/usr/bin/bash', '-c', 'cd /usr/local/airflow/dags/dbt_pipeline && dbt run -s raw']
[2025-05-13T12:53:54.008+0000] {subprocess.py:99} INFO - Output:
[2025-05-13T12:53:57.451+0000] {subprocess.py:106} INFO - [0m12:53:57  Running with dbt=1.9.4
[2025-05-13T12:53:57.890+0000] {subprocess.py:106} INFO - [0m12:53:57  Registered adapter: postgres=1.9.0
[2025-05-13T12:53:58.921+0000] {subprocess.py:106} INFO - [0m12:53:58  Encountered an error:
[2025-05-13T12:53:58.922+0000] {subprocess.py:106} INFO - 'dbt_postgres://macros/relations.sql'
[2025-05-13T12:53:58.924+0000] {subprocess.py:106} INFO - [0m12:53:58  Traceback (most recent call last):
[2025-05-13T12:53:58.924+0000] {subprocess.py:106} INFO -   File "/home/airflow/.local/lib/python3.12/site-packages/dbt/cli/requires.py", line 153, in wrapper
[2025-05-13T12:53:58.925+0000] {subprocess.py:106} INFO -     result, success = func(*args, **kwargs)
[2025-05-13T12:53:58.926+0000] {subprocess.py:106} INFO -                       ^^^^^^^^^^^^^^^^^^^^^
[2025-05-13T12:53:58.927+0000] {subprocess.py:106} INFO -   File "/home/airflow/.local/lib/python3.12/site-packages/dbt/cli/requires.py", line 103, in wrapper
[2025-05-13T12:53:58.927+0000] {subprocess.py:106} INFO -     return func(*args, **kwargs)
[2025-05-13T12:53:58.928+0000] {subprocess.py:106} INFO -            ^^^^^^^^^^^^^^^^^^^^^
[2025-05-13T12:53:58.929+0000] {subprocess.py:106} INFO -   File "/home/airflow/.local/lib/python3.12/site-packages/dbt/cli/requires.py", line 235, in wrapper
[2025-05-13T12:53:58.929+0000] {subprocess.py:106} INFO -     return func(*args, **kwargs)
[2025-05-13T12:53:58.930+0000] {subprocess.py:106} INFO -            ^^^^^^^^^^^^^^^^^^^^^
[2025-05-13T12:53:58.930+0000] {subprocess.py:106} INFO -   File "/home/airflow/.local/lib/python3.12/site-packages/dbt/cli/requires.py", line 264, in wrapper
[2025-05-13T12:53:58.931+0000] {subprocess.py:106} INFO -     return func(*args, **kwargs)
[2025-05-13T12:53:58.932+0000] {subprocess.py:106} INFO -            ^^^^^^^^^^^^^^^^^^^^^
[2025-05-13T12:53:58.932+0000] {subprocess.py:106} INFO -   File "/home/airflow/.local/lib/python3.12/site-packages/dbt/cli/requires.py", line 311, in wrapper
[2025-05-13T12:53:58.933+0000] {subprocess.py:106} INFO -     return func(*args, **kwargs)
[2025-05-13T12:53:58.934+0000] {subprocess.py:106} INFO -            ^^^^^^^^^^^^^^^^^^^^^
[2025-05-13T12:53:58.935+0000] {subprocess.py:106} INFO -   File "/home/airflow/.local/lib/python3.12/site-packages/dbt/cli/requires.py", line 327, in wrapper
[2025-05-13T12:53:58.939+0000] {subprocess.py:106} INFO -     setup_manifest(ctx, write=write, write_perf_info=write_perf_info)
[2025-05-13T12:53:58.940+0000] {subprocess.py:106} INFO -   File "/home/airflow/.local/lib/python3.12/site-packages/dbt/cli/requires.py", line 351, in setup_manifest
[2025-05-13T12:53:58.940+0000] {subprocess.py:106} INFO -     ctx.obj["manifest"] = parse_manifest(
[2025-05-13T12:53:58.941+0000] {subprocess.py:106} INFO -                           ^^^^^^^^^^^^^^^
[2025-05-13T12:53:58.942+0000] {subprocess.py:106} INFO -   File "/home/airflow/.local/lib/python3.12/site-packages/dbt/parser/manifest.py", line 2069, in parse_manifest
[2025-05-13T12:53:58.942+0000] {subprocess.py:106} INFO -     manifest = ManifestLoader.get_full_manifest(
[2025-05-13T12:53:58.943+0000] {subprocess.py:106} INFO -                ^^^^^^^^^^^^^^^^^^^^^^^^^^^^^^^^^
[2025-05-13T12:53:58.943+0000] {subprocess.py:106} INFO -   File "/home/airflow/.local/lib/python3.12/site-packages/dbt/parser/manifest.py", line 312, in get_full_manifest
[2025-05-13T12:53:58.944+0000] {subprocess.py:106} INFO -     manifest = loader.load()
[2025-05-13T12:53:58.945+0000] {subprocess.py:106} INFO -                ^^^^^^^^^^^^^
[2025-05-13T12:53:58.945+0000] {subprocess.py:106} INFO -   File "/home/airflow/.local/lib/python3.12/site-packages/dbt/parser/manifest.py", line 381, in load
[2025-05-13T12:53:58.946+0000] {subprocess.py:106} INFO -     self.load_and_parse_macros(project_parser_files)
[2025-05-13T12:53:58.947+0000] {subprocess.py:106} INFO -   File "/home/airflow/.local/lib/python3.12/site-packages/dbt/parser/manifest.py", line 683, in load_and_parse_macros
[2025-05-13T12:53:58.947+0000] {subprocess.py:106} INFO -     block = FileBlock(self.manifest.files[file_id])
[2025-05-13T12:53:58.948+0000] {subprocess.py:106} INFO -                       ~~~~~~~~~~~~~~~~~~~^^^^^^^^^
[2025-05-13T12:53:58.948+0000] {subprocess.py:106} INFO - KeyError: 'dbt_postgres://macros/relations.sql'
[2025-05-13T12:53:58.948+0000] {subprocess.py:106} INFO - 
[2025-05-13T12:54:01.320+0000] {subprocess.py:110} INFO - Command exited with return code 2
[2025-05-13T12:54:01.350+0000] {taskinstance.py:3313} ERROR - Task failed with exception
Traceback (most recent call last):
  File "/home/airflow/.local/lib/python3.12/site-packages/airflow/models/taskinstance.py", line 768, in _execute_task
    result = _execute_callable(context=context, **execute_callable_kwargs)
             ^^^^^^^^^^^^^^^^^^^^^^^^^^^^^^^^^^^^^^^^^^^^^^^^^^^^^^^^^^^^^
  File "/home/airflow/.local/lib/python3.12/site-packages/airflow/models/taskinstance.py", line 734, in _execute_callable
    return ExecutionCallableRunner(
           ^^^^^^^^^^^^^^^^^^^^^^^^
  File "/home/airflow/.local/lib/python3.12/site-packages/airflow/utils/operator_helpers.py", line 252, in run
    return self.func(*args, **kwargs)
           ^^^^^^^^^^^^^^^^^^^^^^^^^^
  File "/home/airflow/.local/lib/python3.12/site-packages/airflow/models/baseoperator.py", line 424, in wrapper
    return func(self, *args, **kwargs)
           ^^^^^^^^^^^^^^^^^^^^^^^^^^^
  File "/home/airflow/.local/lib/python3.12/site-packages/airflow/operators/bash.py", line 276, in execute
    raise AirflowException(
airflow.exceptions.AirflowException: Bash command failed. The command returned a non-zero exit code 2.
[2025-05-13T12:54:01.379+0000] {taskinstance.py:1226} INFO - Marking task as UP_FOR_RETRY. dag_id=capstone_projct, task_id=dbt_run_raw_stage, run_id=manual__2025-05-13T12:53:22.421811+00:00, execution_date=20250513T125322, start_date=20250513T125353, end_date=20250513T125401
[2025-05-13T12:54:01.481+0000] {taskinstance.py:341} INFO - ::group::Post task execution logs
[2025-05-13T12:54:01.482+0000] {standard_task_runner.py:124} ERROR - Failed to execute job 32 for task dbt_run_raw_stage (Bash command failed. The command returned a non-zero exit code 2.; 492)
Traceback (most recent call last):
  File "/home/airflow/.local/lib/python3.12/site-packages/airflow/task/task_runner/standard_task_runner.py", line 117, in _start_by_fork
    ret = args.func(args, dag=self.dag)
          ^^^^^^^^^^^^^^^^^^^^^^^^^^^^^
  File "/home/airflow/.local/lib/python3.12/site-packages/airflow/cli/cli_config.py", line 49, in command
    return func(*args, **kwargs)
           ^^^^^^^^^^^^^^^^^^^^^
  File "/home/airflow/.local/lib/python3.12/site-packages/airflow/utils/cli.py", line 116, in wrapper
    return f(*args, **kwargs)
           ^^^^^^^^^^^^^^^^^^
  File "/home/airflow/.local/lib/python3.12/site-packages/airflow/cli/commands/task_command.py", line 483, in task_run
    task_return_code = _run_task_by_selected_method(args, _dag, ti)
                       ^^^^^^^^^^^^^^^^^^^^^^^^^^^^^^^^^^^^^^^^^^^^
  File "/home/airflow/.local/lib/python3.12/site-packages/airflow/cli/commands/task_command.py", line 256, in _run_task_by_selected_method
    return _run_raw_task(args, ti)
           ^^^^^^^^^^^^^^^^^^^^^^^
  File "/home/airflow/.local/lib/python3.12/site-packages/airflow/cli/commands/task_command.py", line 341, in _run_raw_task
    return ti._run_raw_task(
           ^^^^^^^^^^^^^^^^^
  File "/home/airflow/.local/lib/python3.12/site-packages/airflow/utils/session.py", line 97, in wrapper
    return func(*args, session=session, **kwargs)
           ^^^^^^^^^^^^^^^^^^^^^^^^^^^^^^^^^^^^^^
  File "/home/airflow/.local/lib/python3.12/site-packages/airflow/models/taskinstance.py", line 3006, in _run_raw_task
    return _run_raw_task(
           ^^^^^^^^^^^^^^
  File "/home/airflow/.local/lib/python3.12/site-packages/airflow/models/taskinstance.py", line 274, in _run_raw_task
    TaskInstance._execute_task_with_callbacks(
  File "/home/airflow/.local/lib/python3.12/site-packages/airflow/models/taskinstance.py", line 3161, in _execute_task_with_callbacks
    result = self._execute_task(context, task_orig)
             ^^^^^^^^^^^^^^^^^^^^^^^^^^^^^^^^^^^^^^
  File "/home/airflow/.local/lib/python3.12/site-packages/airflow/models/taskinstance.py", line 3185, in _execute_task
    return _execute_task(self, context, task_orig)
           ^^^^^^^^^^^^^^^^^^^^^^^^^^^^^^^^^^^^^^^
  File "/home/airflow/.local/lib/python3.12/site-packages/airflow/models/taskinstance.py", line 768, in _execute_task
    result = _execute_callable(context=context, **execute_callable_kwargs)
             ^^^^^^^^^^^^^^^^^^^^^^^^^^^^^^^^^^^^^^^^^^^^^^^^^^^^^^^^^^^^^
  File "/home/airflow/.local/lib/python3.12/site-packages/airflow/models/taskinstance.py", line 734, in _execute_callable
    return ExecutionCallableRunner(
           ^^^^^^^^^^^^^^^^^^^^^^^^
  File "/home/airflow/.local/lib/python3.12/site-packages/airflow/utils/operator_helpers.py", line 252, in run
    return self.func(*args, **kwargs)
           ^^^^^^^^^^^^^^^^^^^^^^^^^^
  File "/home/airflow/.local/lib/python3.12/site-packages/airflow/models/baseoperator.py", line 424, in wrapper
    return func(self, *args, **kwargs)
           ^^^^^^^^^^^^^^^^^^^^^^^^^^^
  File "/home/airflow/.local/lib/python3.12/site-packages/airflow/operators/bash.py", line 276, in execute
    raise AirflowException(
airflow.exceptions.AirflowException: Bash command failed. The command returned a non-zero exit code 2.
[2025-05-13T12:54:01.511+0000] {local_task_job_runner.py:266} INFO - Task exited with return code 1
[2025-05-13T12:54:01.571+0000] {taskinstance.py:3901} INFO - 0 downstream tasks scheduled from follow-on schedule check
[2025-05-13T12:54:01.574+0000] {local_task_job_runner.py:245} INFO - ::endgroup::
