[2025-05-13T18:57:49.606+0000] {local_task_job_runner.py:123} INFO - ::group::Pre task execution logs
[2025-05-13T18:57:49.650+0000] {taskinstance.py:2614} INFO - Dependencies all met for dep_context=non-requeueable deps ti=<TaskInstance: capstone_projct.dbt_run_staging_stage manual__2025-05-13T18:56:37.338069+00:00 [queued]>
[2025-05-13T18:57:49.689+0000] {taskinstance.py:2614} INFO - Dependencies all met for dep_context=requeueable deps ti=<TaskInstance: capstone_projct.dbt_run_staging_stage manual__2025-05-13T18:56:37.338069+00:00 [queued]>
[2025-05-13T18:57:49.691+0000] {taskinstance.py:2867} INFO - Starting attempt 1 of 3
[2025-05-13T18:57:49.791+0000] {taskinstance.py:2890} INFO - Executing <Task(BashOperator): dbt_run_staging_stage> on 2025-05-13 18:56:37.338069+00:00
[2025-05-13T18:57:49.800+0000] {standard_task_runner.py:72} INFO - Started process 377 to run task
[2025-05-13T18:57:49.804+0000] {standard_task_runner.py:104} INFO - Running: ['airflow', 'tasks', 'run', 'capstone_projct', 'dbt_run_staging_stage', 'manual__2025-05-13T18:56:37.338069+00:00', '--job-id', '55', '--raw', '--subdir', 'DAGS_FOLDER/welcome_dag.py', '--cfg-path', '/tmp/tmpnltz3l9q']
[2025-05-13T18:57:49.807+0000] {standard_task_runner.py:105} INFO - Job 55: Subtask dbt_run_staging_stage
[2025-05-13T18:57:49.914+0000] {task_command.py:467} INFO - Running <TaskInstance: capstone_projct.dbt_run_staging_stage manual__2025-05-13T18:56:37.338069+00:00 [running]> on host 0fd2687fe5b0
[2025-05-13T18:57:50.067+0000] {taskinstance.py:3134} INFO - Exporting env vars: AIRFLOW_CTX_DAG_OWNER='airflow' AIRFLOW_CTX_DAG_ID='capstone_projct' AIRFLOW_CTX_TASK_ID='dbt_run_staging_stage' AIRFLOW_CTX_EXECUTION_DATE='2025-05-13T18:56:37.338069+00:00' AIRFLOW_CTX_TRY_NUMBER='1' AIRFLOW_CTX_DAG_RUN_ID='manual__2025-05-13T18:56:37.338069+00:00'
[2025-05-13T18:57:50.069+0000] {taskinstance.py:732} INFO - ::endgroup::
[2025-05-13T18:57:50.089+0000] {subprocess.py:78} INFO - Tmp dir root location: /tmp
[2025-05-13T18:57:50.093+0000] {subprocess.py:88} INFO - Running command: ['/usr/bin/bash', '-c', 'cd /usr/local/airflow/dags/dbt_pipeline/ && dbt run -s staging']
[2025-05-13T18:57:50.125+0000] {subprocess.py:99} INFO - Output:
[2025-05-13T18:57:55.687+0000] {subprocess.py:106} INFO - [0m18:57:55  Running with dbt=1.9.4
[2025-05-13T18:57:56.764+0000] {subprocess.py:106} INFO - [0m18:57:56  Registered adapter: postgres=1.9.0
[2025-05-13T18:57:57.792+0000] {subprocess.py:106} INFO - [0m18:57:57  [[33mWARNING[0m]: Configuration paths exist in your dbt_project.yml file which do not apply to any resources.
[2025-05-13T18:57:57.793+0000] {subprocess.py:106} INFO - There are 1 unused configuration paths:
[2025-05-13T18:57:57.794+0000] {subprocess.py:106} INFO - - models.capstone.marts
[2025-05-13T18:57:58.149+0000] {subprocess.py:106} INFO - [0m18:57:58  Found 10 models, 5 sources, 434 macros
[2025-05-13T18:57:58.157+0000] {subprocess.py:106} INFO - [0m18:57:58
[2025-05-13T18:57:58.159+0000] {subprocess.py:106} INFO - [0m18:57:58  Concurrency: 2 threads (target='dev')
[2025-05-13T18:57:58.161+0000] {subprocess.py:106} INFO - [0m18:57:58
[2025-05-13T18:57:59.221+0000] {subprocess.py:106} INFO - [0m18:57:59  1 of 5 START sql table model staging.stg_accounts .............................. [RUN]
[2025-05-13T18:57:59.224+0000] {subprocess.py:106} INFO - [0m18:57:59  2 of 5 START sql table model staging.stg_cards ................................. [RUN]
[2025-05-13T18:58:00.187+0000] {subprocess.py:106} INFO - [0m18:58:00  2 of 5 OK created sql table model staging.stg_cards ............................ [[32mSELECT 94[0m in 0.92s]
[2025-05-13T18:58:00.212+0000] {subprocess.py:106} INFO - [0m18:58:00  1 of 5 OK created sql table model staging.stg_accounts ......................... [[32mSELECT 4048[0m in 0.94s]
[2025-05-13T18:58:00.250+0000] {subprocess.py:106} INFO - [0m18:58:00  3 of 5 START sql table model staging.stg_customers ............................. [RUN]
[2025-05-13T18:58:00.278+0000] {subprocess.py:106} INFO - [0m18:58:00  4 of 5 START sql table model staging.stg_products .............................. [RUN]
[2025-05-13T18:58:00.903+0000] {subprocess.py:106} INFO - [0m18:58:00  3 of 5 OK created sql table model staging.stg_customers ........................ [[32mSELECT 105[0m in 0.62s]
[2025-05-13T18:58:00.911+0000] {subprocess.py:106} INFO - [0m18:58:00  4 of 5 OK created sql table model staging.stg_products ......................... [[32mSELECT 12[0m in 0.62s]
[2025-05-13T18:58:00.918+0000] {subprocess.py:106} INFO - [0m18:58:00  5 of 5 START sql table model staging.stg_transactions .......................... [RUN]
[2025-05-13T18:58:01.383+0000] {subprocess.py:106} INFO - [0m18:58:01  5 of 5 OK created sql table model staging.stg_transactions ..................... [[32mSELECT 13768[0m in 0.46s]
[2025-05-13T18:58:01.651+0000] {subprocess.py:106} INFO - [0m18:58:01
[2025-05-13T18:58:01.653+0000] {subprocess.py:106} INFO - [0m18:58:01  Finished running 5 table models in 0 hours 0 minutes and 3.49 seconds (3.49s).
[2025-05-13T18:58:01.913+0000] {subprocess.py:106} INFO - [0m18:58:01
[2025-05-13T18:58:01.915+0000] {subprocess.py:106} INFO - [0m18:58:01  [32mCompleted successfully[0m
[2025-05-13T18:58:01.916+0000] {subprocess.py:106} INFO - [0m18:58:01
[2025-05-13T18:58:01.918+0000] {subprocess.py:106} INFO - [0m18:58:01  Done. PASS=5 WARN=0 ERROR=0 SKIP=0 TOTAL=5
[2025-05-13T18:58:04.178+0000] {subprocess.py:110} INFO - Command exited with return code 0
[2025-05-13T18:58:04.352+0000] {taskinstance.py:341} INFO - ::group::Post task execution logs
[2025-05-13T18:58:04.356+0000] {taskinstance.py:353} INFO - Marking task as SUCCESS. dag_id=capstone_projct, task_id=dbt_run_staging_stage, run_id=manual__2025-05-13T18:56:37.338069+00:00, execution_date=20250513T185637, start_date=20250513T185749, end_date=20250513T185804
[2025-05-13T18:58:04.598+0000] {local_task_job_runner.py:266} INFO - Task exited with return code 0
[2025-05-13T18:58:04.661+0000] {taskinstance.py:3901} INFO - 0 downstream tasks scheduled from follow-on schedule check
[2025-05-13T18:58:04.666+0000] {local_task_job_runner.py:245} INFO - ::endgroup::
