[2025-05-13T12:55:21.511+0000] {local_task_job_runner.py:123} INFO - ::group::Pre task execution logs
[2025-05-13T12:55:21.571+0000] {taskinstance.py:2614} INFO - Dependencies all met for dep_context=non-requeueable deps ti=<TaskInstance: capstone_projct.dbt_run_raw_stage manual__2025-05-13T12:54:49.310282+00:00 [queued]>
[2025-05-13T12:55:21.631+0000] {taskinstance.py:2614} INFO - Dependencies all met for dep_context=requeueable deps ti=<TaskInstance: capstone_projct.dbt_run_raw_stage manual__2025-05-13T12:54:49.310282+00:00 [queued]>
[2025-05-13T12:55:21.634+0000] {taskinstance.py:2867} INFO - Starting attempt 1 of 3
[2025-05-13T12:55:21.730+0000] {taskinstance.py:2890} INFO - Executing <Task(BashOperator): dbt_run_raw_stage> on 2025-05-13 12:54:49.310282+00:00
[2025-05-13T12:55:21.739+0000] {standard_task_runner.py:72} INFO - Started process 544 to run task
[2025-05-13T12:55:21.741+0000] {standard_task_runner.py:104} INFO - Running: ['airflow', 'tasks', 'run', 'capstone_projct', 'dbt_run_raw_stage', 'manual__2025-05-13T12:54:49.310282+00:00', '--job-id', '36', '--raw', '--subdir', 'DAGS_FOLDER/welcome_dag.py', '--cfg-path', '/tmp/tmpbkpvdsdj']
[2025-05-13T12:55:21.745+0000] {standard_task_runner.py:105} INFO - Job 36: Subtask dbt_run_raw_stage
[2025-05-13T12:55:21.861+0000] {task_command.py:467} INFO - Running <TaskInstance: capstone_projct.dbt_run_raw_stage manual__2025-05-13T12:54:49.310282+00:00 [running]> on host 0fd2687fe5b0
[2025-05-13T12:55:21.999+0000] {taskinstance.py:3134} INFO - Exporting env vars: AIRFLOW_CTX_DAG_OWNER='airflow' AIRFLOW_CTX_DAG_ID='capstone_projct' AIRFLOW_CTX_TASK_ID='dbt_run_raw_stage' AIRFLOW_CTX_EXECUTION_DATE='2025-05-13T12:54:49.310282+00:00' AIRFLOW_CTX_TRY_NUMBER='1' AIRFLOW_CTX_DAG_RUN_ID='manual__2025-05-13T12:54:49.310282+00:00'
[2025-05-13T12:55:22.003+0000] {taskinstance.py:732} INFO - ::endgroup::
[2025-05-13T12:55:22.019+0000] {subprocess.py:78} INFO - Tmp dir root location: /tmp
[2025-05-13T12:55:22.022+0000] {subprocess.py:88} INFO - Running command: ['/usr/bin/bash', '-c', 'cd /usr/local/airflow/dags/dbt_pipeline && dbt run -s raw']
[2025-05-13T12:55:22.035+0000] {subprocess.py:99} INFO - Output:
[2025-05-13T12:55:26.291+0000] {subprocess.py:106} INFO - [0m12:55:26  Running with dbt=1.9.4
[2025-05-13T12:55:26.757+0000] {subprocess.py:106} INFO - [0m12:55:26  Registered adapter: postgres=1.9.0
[2025-05-13T12:55:27.766+0000] {subprocess.py:106} INFO - [0m12:55:27  Encountered an error:
[2025-05-13T12:55:27.767+0000] {subprocess.py:106} INFO - 'dbt_postgres://macros/catalog.sql'
[2025-05-13T12:55:27.768+0000] {subprocess.py:106} INFO - [0m12:55:27  Traceback (most recent call last):
[2025-05-13T12:55:27.769+0000] {subprocess.py:106} INFO -   File "/home/airflow/.local/lib/python3.12/site-packages/dbt/cli/requires.py", line 153, in wrapper
[2025-05-13T12:55:27.770+0000] {subprocess.py:106} INFO -     result, success = func(*args, **kwargs)
[2025-05-13T12:55:27.772+0000] {subprocess.py:106} INFO -                       ^^^^^^^^^^^^^^^^^^^^^
[2025-05-13T12:55:27.772+0000] {subprocess.py:106} INFO -   File "/home/airflow/.local/lib/python3.12/site-packages/dbt/cli/requires.py", line 103, in wrapper
[2025-05-13T12:55:27.773+0000] {subprocess.py:106} INFO -     return func(*args, **kwargs)
[2025-05-13T12:55:27.774+0000] {subprocess.py:106} INFO -            ^^^^^^^^^^^^^^^^^^^^^
[2025-05-13T12:55:27.774+0000] {subprocess.py:106} INFO -   File "/home/airflow/.local/lib/python3.12/site-packages/dbt/cli/requires.py", line 235, in wrapper
[2025-05-13T12:55:27.775+0000] {subprocess.py:106} INFO -     return func(*args, **kwargs)
[2025-05-13T12:55:27.776+0000] {subprocess.py:106} INFO -            ^^^^^^^^^^^^^^^^^^^^^
[2025-05-13T12:55:27.777+0000] {subprocess.py:106} INFO -   File "/home/airflow/.local/lib/python3.12/site-packages/dbt/cli/requires.py", line 264, in wrapper
[2025-05-13T12:55:27.777+0000] {subprocess.py:106} INFO -     return func(*args, **kwargs)
[2025-05-13T12:55:27.778+0000] {subprocess.py:106} INFO -            ^^^^^^^^^^^^^^^^^^^^^
[2025-05-13T12:55:27.779+0000] {subprocess.py:106} INFO -   File "/home/airflow/.local/lib/python3.12/site-packages/dbt/cli/requires.py", line 311, in wrapper
[2025-05-13T12:55:27.779+0000] {subprocess.py:106} INFO -     return func(*args, **kwargs)
[2025-05-13T12:55:27.780+0000] {subprocess.py:106} INFO -            ^^^^^^^^^^^^^^^^^^^^^
[2025-05-13T12:55:27.781+0000] {subprocess.py:106} INFO -   File "/home/airflow/.local/lib/python3.12/site-packages/dbt/cli/requires.py", line 327, in wrapper
[2025-05-13T12:55:27.782+0000] {subprocess.py:106} INFO -     setup_manifest(ctx, write=write, write_perf_info=write_perf_info)
[2025-05-13T12:55:27.783+0000] {subprocess.py:106} INFO -   File "/home/airflow/.local/lib/python3.12/site-packages/dbt/cli/requires.py", line 351, in setup_manifest
[2025-05-13T12:55:27.784+0000] {subprocess.py:106} INFO -     ctx.obj["manifest"] = parse_manifest(
[2025-05-13T12:55:27.785+0000] {subprocess.py:106} INFO -                           ^^^^^^^^^^^^^^^
[2025-05-13T12:55:27.786+0000] {subprocess.py:106} INFO -   File "/home/airflow/.local/lib/python3.12/site-packages/dbt/parser/manifest.py", line 2069, in parse_manifest
[2025-05-13T12:55:27.788+0000] {subprocess.py:106} INFO -     manifest = ManifestLoader.get_full_manifest(
[2025-05-13T12:55:27.789+0000] {subprocess.py:106} INFO -                ^^^^^^^^^^^^^^^^^^^^^^^^^^^^^^^^^
[2025-05-13T12:55:27.789+0000] {subprocess.py:106} INFO -   File "/home/airflow/.local/lib/python3.12/site-packages/dbt/parser/manifest.py", line 312, in get_full_manifest
[2025-05-13T12:55:27.790+0000] {subprocess.py:106} INFO -     manifest = loader.load()
[2025-05-13T12:55:27.790+0000] {subprocess.py:106} INFO -                ^^^^^^^^^^^^^
[2025-05-13T12:55:27.791+0000] {subprocess.py:106} INFO -   File "/home/airflow/.local/lib/python3.12/site-packages/dbt/parser/manifest.py", line 381, in load
[2025-05-13T12:55:27.791+0000] {subprocess.py:106} INFO -     self.load_and_parse_macros(project_parser_files)
[2025-05-13T12:55:27.792+0000] {subprocess.py:106} INFO -   File "/home/airflow/.local/lib/python3.12/site-packages/dbt/parser/manifest.py", line 683, in load_and_parse_macros
[2025-05-13T12:55:27.792+0000] {subprocess.py:106} INFO -     block = FileBlock(self.manifest.files[file_id])
[2025-05-13T12:55:27.793+0000] {subprocess.py:106} INFO -                       ~~~~~~~~~~~~~~~~~~~^^^^^^^^^
[2025-05-13T12:55:27.793+0000] {subprocess.py:106} INFO - KeyError: 'dbt_postgres://macros/catalog.sql'
[2025-05-13T12:55:27.794+0000] {subprocess.py:106} INFO - 
[2025-05-13T12:55:29.490+0000] {subprocess.py:110} INFO - Command exited with return code 2
[2025-05-13T12:55:29.509+0000] {taskinstance.py:3313} ERROR - Task failed with exception
Traceback (most recent call last):
  File "/home/airflow/.local/lib/python3.12/site-packages/airflow/models/taskinstance.py", line 768, in _execute_task
    result = _execute_callable(context=context, **execute_callable_kwargs)
             ^^^^^^^^^^^^^^^^^^^^^^^^^^^^^^^^^^^^^^^^^^^^^^^^^^^^^^^^^^^^^
  File "/home/airflow/.local/lib/python3.12/site-packages/airflow/models/taskinstance.py", line 734, in _execute_callable
    return ExecutionCallableRunner(
           ^^^^^^^^^^^^^^^^^^^^^^^^
  File "/home/airflow/.local/lib/python3.12/site-packages/airflow/utils/operator_helpers.py", line 252, in run
    return self.func(*args, **kwargs)
           ^^^^^^^^^^^^^^^^^^^^^^^^^^
  File "/home/airflow/.local/lib/python3.12/site-packages/airflow/models/baseoperator.py", line 424, in wrapper
    return func(self, *args, **kwargs)
           ^^^^^^^^^^^^^^^^^^^^^^^^^^^
  File "/home/airflow/.local/lib/python3.12/site-packages/airflow/operators/bash.py", line 276, in execute
    raise AirflowException(
airflow.exceptions.AirflowException: Bash command failed. The command returned a non-zero exit code 2.
[2025-05-13T12:55:29.523+0000] {taskinstance.py:1226} INFO - Marking task as UP_FOR_RETRY. dag_id=capstone_projct, task_id=dbt_run_raw_stage, run_id=manual__2025-05-13T12:54:49.310282+00:00, execution_date=20250513T125449, start_date=20250513T125521, end_date=20250513T125529
[2025-05-13T12:55:29.617+0000] {taskinstance.py:341} INFO - ::group::Post task execution logs
[2025-05-13T12:55:29.618+0000] {standard_task_runner.py:124} ERROR - Failed to execute job 36 for task dbt_run_raw_stage (Bash command failed. The command returned a non-zero exit code 2.; 544)
Traceback (most recent call last):
  File "/home/airflow/.local/lib/python3.12/site-packages/airflow/task/task_runner/standard_task_runner.py", line 117, in _start_by_fork
    ret = args.func(args, dag=self.dag)
          ^^^^^^^^^^^^^^^^^^^^^^^^^^^^^
  File "/home/airflow/.local/lib/python3.12/site-packages/airflow/cli/cli_config.py", line 49, in command
    return func(*args, **kwargs)
           ^^^^^^^^^^^^^^^^^^^^^
  File "/home/airflow/.local/lib/python3.12/site-packages/airflow/utils/cli.py", line 116, in wrapper
    return f(*args, **kwargs)
           ^^^^^^^^^^^^^^^^^^
  File "/home/airflow/.local/lib/python3.12/site-packages/airflow/cli/commands/task_command.py", line 483, in task_run
    task_return_code = _run_task_by_selected_method(args, _dag, ti)
                       ^^^^^^^^^^^^^^^^^^^^^^^^^^^^^^^^^^^^^^^^^^^^
  File "/home/airflow/.local/lib/python3.12/site-packages/airflow/cli/commands/task_command.py", line 256, in _run_task_by_selected_method
    return _run_raw_task(args, ti)
           ^^^^^^^^^^^^^^^^^^^^^^^
  File "/home/airflow/.local/lib/python3.12/site-packages/airflow/cli/commands/task_command.py", line 341, in _run_raw_task
    return ti._run_raw_task(
           ^^^^^^^^^^^^^^^^^
  File "/home/airflow/.local/lib/python3.12/site-packages/airflow/utils/session.py", line 97, in wrapper
    return func(*args, session=session, **kwargs)
           ^^^^^^^^^^^^^^^^^^^^^^^^^^^^^^^^^^^^^^
  File "/home/airflow/.local/lib/python3.12/site-packages/airflow/models/taskinstance.py", line 3006, in _run_raw_task
    return _run_raw_task(
           ^^^^^^^^^^^^^^
  File "/home/airflow/.local/lib/python3.12/site-packages/airflow/models/taskinstance.py", line 274, in _run_raw_task
    TaskInstance._execute_task_with_callbacks(
  File "/home/airflow/.local/lib/python3.12/site-packages/airflow/models/taskinstance.py", line 3161, in _execute_task_with_callbacks
    result = self._execute_task(context, task_orig)
             ^^^^^^^^^^^^^^^^^^^^^^^^^^^^^^^^^^^^^^
  File "/home/airflow/.local/lib/python3.12/site-packages/airflow/models/taskinstance.py", line 3185, in _execute_task
    return _execute_task(self, context, task_orig)
           ^^^^^^^^^^^^^^^^^^^^^^^^^^^^^^^^^^^^^^^
  File "/home/airflow/.local/lib/python3.12/site-packages/airflow/models/taskinstance.py", line 768, in _execute_task
    result = _execute_callable(context=context, **execute_callable_kwargs)
             ^^^^^^^^^^^^^^^^^^^^^^^^^^^^^^^^^^^^^^^^^^^^^^^^^^^^^^^^^^^^^
  File "/home/airflow/.local/lib/python3.12/site-packages/airflow/models/taskinstance.py", line 734, in _execute_callable
    return ExecutionCallableRunner(
           ^^^^^^^^^^^^^^^^^^^^^^^^
  File "/home/airflow/.local/lib/python3.12/site-packages/airflow/utils/operator_helpers.py", line 252, in run
    return self.func(*args, **kwargs)
           ^^^^^^^^^^^^^^^^^^^^^^^^^^
  File "/home/airflow/.local/lib/python3.12/site-packages/airflow/models/baseoperator.py", line 424, in wrapper
    return func(self, *args, **kwargs)
           ^^^^^^^^^^^^^^^^^^^^^^^^^^^
  File "/home/airflow/.local/lib/python3.12/site-packages/airflow/operators/bash.py", line 276, in execute
    raise AirflowException(
airflow.exceptions.AirflowException: Bash command failed. The command returned a non-zero exit code 2.
[2025-05-13T12:55:29.664+0000] {local_task_job_runner.py:266} INFO - Task exited with return code 1
[2025-05-13T12:55:29.694+0000] {taskinstance.py:3901} INFO - 0 downstream tasks scheduled from follow-on schedule check
[2025-05-13T12:55:29.696+0000] {local_task_job_runner.py:245} INFO - ::endgroup::
