[2025-05-11T18:10:47.325+0000] {processor.py:186} INFO - Started process (PID=56) to work on /usr/local/airflow/dags/welcome_dag.py
[2025-05-11T18:10:47.327+0000] {processor.py:914} INFO - Processing file /usr/local/airflow/dags/welcome_dag.py for tasks to queue
[2025-05-11T18:10:47.332+0000] {logging_mixin.py:190} INFO - [2025-05-11T18:10:47.331+0000] {dagbag.py:588} INFO - Filling up the DagBag from /usr/local/airflow/dags/welcome_dag.py
[2025-05-11T18:10:47.381+0000] {processor.py:925} INFO - DAG(s) 'welcome_dag' retrieved from /usr/local/airflow/dags/welcome_dag.py
[2025-05-11T18:10:47.701+0000] {logging_mixin.py:190} INFO - [2025-05-11T18:10:47.700+0000] {override.py:1912} INFO - Created Permission View: can delete on DAG:welcome_dag
[2025-05-11T18:10:47.760+0000] {logging_mixin.py:190} INFO - [2025-05-11T18:10:47.759+0000] {override.py:1912} INFO - Created Permission View: can read on DAG:welcome_dag
[2025-05-11T18:10:47.810+0000] {logging_mixin.py:190} INFO - [2025-05-11T18:10:47.809+0000] {override.py:1912} INFO - Created Permission View: can edit on DAG:welcome_dag
[2025-05-11T18:10:47.883+0000] {logging_mixin.py:190} INFO - [2025-05-11T18:10:47.882+0000] {override.py:1912} INFO - Created Permission View: can delete on DAG Run:welcome_dag
[2025-05-11T18:10:47.928+0000] {logging_mixin.py:190} INFO - [2025-05-11T18:10:47.927+0000] {override.py:1912} INFO - Created Permission View: can read on DAG Run:welcome_dag
[2025-05-11T18:10:47.977+0000] {logging_mixin.py:190} INFO - [2025-05-11T18:10:47.976+0000] {override.py:1912} INFO - Created Permission View: menu access on DAG Run:welcome_dag
[2025-05-11T18:10:48.042+0000] {logging_mixin.py:190} INFO - [2025-05-11T18:10:48.041+0000] {override.py:1912} INFO - Created Permission View: can create on DAG Run:welcome_dag
[2025-05-11T18:10:48.043+0000] {logging_mixin.py:190} INFO - [2025-05-11T18:10:48.043+0000] {dag.py:3239} INFO - Sync 1 DAGs
[2025-05-11T18:10:48.075+0000] {logging_mixin.py:190} INFO - [2025-05-11T18:10:48.074+0000] {dag.py:3262} INFO - Creating ORM DAG for welcome_dag
[2025-05-11T18:10:48.094+0000] {logging_mixin.py:190} INFO - [2025-05-11T18:10:48.094+0000] {dag.py:4180} INFO - Setting next_dagrun for welcome_dag to 2025-05-10 23:00:00+00:00, run_after=2025-05-11 23:00:00+00:00
[2025-05-11T18:10:48.249+0000] {processor.py:208} INFO - Processing /usr/local/airflow/dags/welcome_dag.py took 0.934 seconds
[2025-05-11T18:11:18.768+0000] {processor.py:186} INFO - Started process (PID=77) to work on /usr/local/airflow/dags/welcome_dag.py
[2025-05-11T18:11:18.771+0000] {processor.py:914} INFO - Processing file /usr/local/airflow/dags/welcome_dag.py for tasks to queue
[2025-05-11T18:11:18.777+0000] {logging_mixin.py:190} INFO - [2025-05-11T18:11:18.776+0000] {dagbag.py:588} INFO - Filling up the DagBag from /usr/local/airflow/dags/welcome_dag.py
[2025-05-11T18:11:18.833+0000] {processor.py:925} INFO - DAG(s) 'welcome_dag' retrieved from /usr/local/airflow/dags/welcome_dag.py
[2025-05-11T18:11:18.910+0000] {logging_mixin.py:190} INFO - [2025-05-11T18:11:18.910+0000] {dag.py:3239} INFO - Sync 1 DAGs
[2025-05-11T18:11:18.979+0000] {logging_mixin.py:190} INFO - [2025-05-11T18:11:18.978+0000] {dag.py:4180} INFO - Setting next_dagrun for welcome_dag to 2025-05-10 23:00:00+00:00, run_after=2025-05-11 23:00:00+00:00
[2025-05-11T18:11:19.061+0000] {processor.py:208} INFO - Processing /usr/local/airflow/dags/welcome_dag.py took 0.303 seconds
